<?xml version="1.0" encoding="utf-8"?>
<coverage line-rate="0" branch-rate="0" version="1.0" timestamp="0">
  <packages>
    <package name="Lib" line-rate="0" branch-rate="0" complexity="0">
      <classes>
        <class name="Lib.Class1" filename="C:\Lib\Class1.cs" line-rate="0" branch-rate="0" complexity="0">
          <methods>
            <method name="Method1" signature="void ()" line-rate="0" branch-rate="0" complexity="1">
              <lines>
                <line number="10" hits="2" branch="True" condition-coverage="50% (3/6)">
                  <conditions>
                    <condition number="24" type="jump" coverage="100%" />
                    <condition number="36" type="jump" coverage="50%" />
                    <condition number="48" type="jump" coverage="0%" />
                  </conditions>
                </line>
                <line number="11" hits="1" branch="False" />
              </lines>
            </method>
          </methods>
          <lines>
            <line number="10" hits="2" branch="True" condition-coverage="50% (3/6)">
              <conditions>
                <condition number="24" type="jump" coverage="100%" />
                <condition number="36" type="jump" coverage="50%" />
                <condition number="48" type="jump" coverage="0%" />
              </conditions>
            </line>
            <line number="11" hits="1" branch="False" />
          </lines>
        </class>
      </classes>
    </package>
  </packages>
</coverage>
