<?xml version="1.0" encoding="utf-8"?>
<coverage line-rate="0" branch-rate="0" version="1.0" timestamp="0">
  <packages>
    <package name="Lib" line-rate="0" branch-rate="0" complexity="0">
      <classes>
        <class name="Lib.Class1" filename="C:\Lib\Class1.cs" line-rate="0" branch-rate="0" complexity="0">
          <lines/>
        </class>
        <class name="Lib.Class1.NestedClass" filename="C:\Lib\Class1.cs" line-rate="0" branch-rate="0" complexity="0">
          <lines/>
        </class>
      </classes>
    </package>
  </packages>
</coverage>
